< 2024-07-05 10:28:09 [INFO] > 【処理開始】MnvBatchExecuteTheSmsQuery : 2024-07-05 10:28:09
< 2024-07-05 10:28:09 [INFO] > [SQL]
< 2024-07-05 10:28:09 [INFO] > --SQL実行開始  test_1 : 2024-07-05 10:28:09.239114
< 2024-07-05 10:28:09 [INFO] > --SQL実行完了  test_1 : 2024-07-05 10:28:09.429228
< 2024-07-05 10:28:09 [INFO] > --SQL実行時間  test_1 : 0:00:00.190114
< 2024-07-05 10:28:09 [INFO] > [CSV]
< 2024-07-05 10:28:09 [INFO] > --CSV出力開始  20240705_test_1.csv : 2024-07-05 10:28:09.435559
< 2024-07-05 10:28:09 [INFO] > --CSV出力完了  20240705_test_1.csv: 2024-07-05 10:28:09.444386
< 2024-07-05 10:28:09 [INFO] > --CSV出力件数  20240705_test_1.csv : 100
< 2024-07-05 10:28:09 [INFO] > --出力実行時間  20240705_test_1.csv : 0:00:00.008827
< 2024-07-05 10:28:09 [INFO] > [SQL]
< 2024-07-05 10:28:09 [INFO] > --SQL実行開始  test_2 : 2024-07-05 10:28:09.445886
< 2024-07-05 10:28:09 [INFO] > --SQL実行完了  test_2 : 2024-07-05 10:28:09.625622
< 2024-07-05 10:28:09 [INFO] > --SQL実行時間  test_2 : 0:00:00.180681
< 2024-07-05 10:28:09 [INFO] > [CSV]
< 2024-07-05 10:28:09 [INFO] > --CSV出力開始  20240705_test_2.csv : 2024-07-05 10:28:09.628902
< 2024-07-05 10:28:09 [INFO] > --CSV出力完了  20240705_test_2.csv: 2024-07-05 10:28:09.632375
< 2024-07-05 10:28:09 [INFO] > --CSV出力件数  20240705_test_2.csv : 100
< 2024-07-05 10:28:09 [INFO] > --出力実行時間  20240705_test_2.csv : 0:00:00.003473
< 2024-07-05 10:28:09 [INFO] > ［所要時間］MnvBatchExecuteTheSmsQuery ： 0:00:00.395027
< 2024-07-05 10:28:09 [INFO] > 【処理終了】MnvBatchExecuteTheSmsQuery ： 2024-07-05 10:28:09
< 2024-07-25 16:31:43 [INFO] > 【処理開始】MnvBatchExecuteTheSmsQuery : 2024-07-25 16:31:43
< 2024-07-25 16:32:21 [INFO] > 【処理開始】MnvBatchExecuteTheSmsQuery : 2024-07-25 16:32:21
< 2024-07-25 16:32:21 [INFO] > [SQL]
< 2024-07-25 16:32:21 [INFO] > --SQL実行開始  test_1 : 2024-07-25 16:32:21.164885
< 2024-07-25 16:32:21 [INFO] > --SQL実行完了  test_1 : 2024-07-25 16:32:21.400259
< 2024-07-25 16:32:21 [INFO] > --SQL実行時間  test_1 : 0:00:00.248399
< 2024-07-25 16:32:21 [INFO] > [CSV]
< 2024-07-25 16:32:21 [INFO] > --CSV出力開始  20240725_test_1.csv : 2024-07-25 16:32:21.415876
< 2024-07-25 16:32:21 [INFO] > --CSV出力完了  20240725_test_1.csv: 2024-07-25 16:32:21.452467
< 2024-07-25 16:32:21 [INFO] > --CSV出力件数  20240725_test_1.csv : 100
< 2024-07-25 16:32:21 [INFO] > --出力実行時間  20240725_test_1.csv : 0:00:00.036591
< 2024-07-25 16:32:21 [INFO] > [SQL]
< 2024-07-25 16:32:21 [INFO] > --SQL実行開始  test_2 : 2024-07-25 16:32:21.458672
< 2024-07-25 16:32:21 [INFO] > --SQL実行完了  test_2 : 2024-07-25 16:32:21.626850
< 2024-07-25 16:32:21 [INFO] > --SQL実行時間  test_2 : 0:00:00.168178
< 2024-07-25 16:32:21 [INFO] > [CSV]
< 2024-07-25 16:32:21 [INFO] > --CSV出力開始  20240725_test_2.csv : 2024-07-25 16:32:21.626850
< 2024-07-25 16:32:21 [INFO] > --CSV出力完了  20240725_test_2.csv: 2024-07-25 16:32:21.634766
< 2024-07-25 16:32:21 [INFO] > --CSV出力件数  20240725_test_2.csv : 100
< 2024-07-25 16:32:21 [INFO] > --出力実行時間  20240725_test_2.csv : 0:00:00.007916
< 2024-07-25 16:32:21 [INFO] > ［所要時間］MnvBatchExecuteTheSmsQuery ： 0:00:00.555114
< 2024-07-25 16:32:21 [INFO] > 【処理終了】MnvBatchExecuteTheSmsQuery ： 2024-07-25 16:32:21
< 2024-07-25 16:32:40 [INFO] > 【処理開始】MnvBatchExecuteTheSmsQuery : 2024-07-25 16:32:40
< 2024-07-25 16:32:40 [INFO] > [SQL]
< 2024-07-25 16:32:40 [INFO] > --SQL実行開始  test_1 : 2024-07-25 16:32:40.718659
< 2024-07-25 16:32:41 [INFO] > --SQL実行完了  test_1 : 2024-07-25 16:32:40.998848
< 2024-07-25 16:32:41 [INFO] > --SQL実行時間  test_1 : 0:00:00.281920
< 2024-07-25 16:32:41 [INFO] > [CSV]
< 2024-07-25 16:32:41 [INFO] > --CSV出力開始  20240725_test_1.csv : 2024-07-25 16:32:41.002181
< 2024-07-25 16:32:41 [INFO] > --CSV出力完了  20240725_test_1.csv: 2024-07-25 16:32:41.009820
< 2024-07-25 16:32:41 [INFO] > --CSV出力件数  20240725_test_1.csv : 100
< 2024-07-25 16:32:41 [INFO] > --出力実行時間  20240725_test_1.csv : 0:00:00.007639
< 2024-07-25 16:32:41 [INFO] > [SQL]
< 2024-07-25 16:32:41 [INFO] > --SQL実行開始  test_2 : 2024-07-25 16:32:41.011513
< 2024-07-25 16:32:41 [INFO] > --SQL実行完了  test_2 : 2024-07-25 16:32:41.207657
< 2024-07-25 16:32:41 [INFO] > --SQL実行時間  test_2 : 0:00:00.196144
< 2024-07-25 16:32:41 [INFO] > [CSV]
< 2024-07-25 16:32:41 [INFO] > --CSV出力開始  20240725_test_2.csv : 2024-07-25 16:32:41.207657
< 2024-07-25 16:32:41 [INFO] > --CSV出力完了  20240725_test_2.csv: 2024-07-25 16:32:41.214705
< 2024-07-25 16:32:41 [INFO] > --CSV出力件数  20240725_test_2.csv : 100
< 2024-07-25 16:32:41 [INFO] > --出力実行時間  20240725_test_2.csv : 0:00:00.007048
< 2024-07-25 16:32:41 [INFO] > ［所要時間］MnvBatchExecuteTheSmsQuery ： 0:00:00.503016
< 2024-07-25 16:32:41 [INFO] > 【処理終了】MnvBatchExecuteTheSmsQuery ： 2024-07-25 16:32:41
< 2024-07-25 16:37:17 [INFO] > 【処理開始】MnvBatchExecuteTheSmsQuery : 2024-07-25 16:37:17
< 2024-07-25 16:37:51 [INFO] > 【処理開始】MnvBatchExecuteTheSmsQuery : 2024-07-25 16:37:51
< 2024-07-25 16:37:55 [INFO] > 【処理開始】MnvBatchExecuteTheSmsQuery : 2024-07-25 16:37:55
< 2024-07-25 16:38:41 [INFO] > 【処理開始】MnvBatchExecuteTheSmsQuery : 2024-07-25 16:38:41
< 2024-07-25 16:38:41 [INFO] > [SQL]
< 2024-07-25 16:38:41 [INFO] > --SQL実行開始  test_1 : 2024-07-25 16:38:41.744640
< 2024-07-25 16:38:41 [INFO] > --SQL実行完了  test_1 : 2024-07-25 16:38:41.936878
< 2024-07-25 16:38:41 [INFO] > --SQL実行時間  test_1 : 0:00:00.192238
< 2024-07-25 16:38:41 [INFO] > [CSV]
< 2024-07-25 16:38:41 [INFO] > --CSV出力開始  20240725_test_1.csv : 2024-07-25 16:38:41.936878
< 2024-07-25 16:38:41 [INFO] > --CSV出力完了  20240725_test_1.csv: 2024-07-25 16:38:41.945861
< 2024-07-25 16:38:41 [INFO] > --CSV出力件数  20240725_test_1.csv : 100
< 2024-07-25 16:38:41 [INFO] > --出力実行時間  20240725_test_1.csv : 0:00:00.008983
< 2024-07-25 16:38:41 [INFO] > [SQL]
< 2024-07-25 16:38:41 [INFO] > --SQL実行開始  test_2 : 2024-07-25 16:38:41.945861
< 2024-07-25 16:38:42 [INFO] > --SQL実行完了  test_2 : 2024-07-25 16:38:42.141270
< 2024-07-25 16:38:42 [INFO] > --SQL実行時間  test_2 : 0:00:00.195409
< 2024-07-25 16:38:42 [INFO] > [CSV]
< 2024-07-25 16:38:42 [INFO] > --CSV出力開始  20240725_test_2.csv : 2024-07-25 16:38:42.151239
< 2024-07-25 16:38:42 [INFO] > --CSV出力完了  20240725_test_2.csv: 2024-07-25 16:38:42.155525
< 2024-07-25 16:38:42 [INFO] > --CSV出力件数  20240725_test_2.csv : 100
< 2024-07-25 16:38:42 [INFO] > --出力実行時間  20240725_test_2.csv : 0:00:00.004286
< 2024-07-25 16:38:42 [INFO] > ［所要時間］MnvBatchExecuteTheSmsQuery ： 0:00:00.419609
< 2024-07-25 16:38:42 [INFO] > 【処理終了】MnvBatchExecuteTheSmsQuery ： 2024-07-25 16:38:42
< 2024-07-25 16:58:23 [INFO] > 【処理開始】MnvBatchExecuteTheSmsQuery : 2024-07-25 16:58:23
< 2024-07-25 16:58:23 [INFO] > [旧ファイル移動開始]
< 2024-07-25 16:58:23 [INFO] > [旧ファイル移動完了]
< 2024-07-25 16:58:23 [INFO] > [SQL]
< 2024-07-25 16:58:23 [INFO] > --SQL実行開始  test_1 : 2024-07-25 16:58:23.811597
< 2024-07-25 16:58:24 [INFO] > --SQL実行完了  test_1 : 2024-07-25 16:58:24.015892
< 2024-07-25 16:58:24 [INFO] > --SQL実行時間  test_1 : 0:00:00.204295
< 2024-07-25 16:58:24 [INFO] > [CSV]
< 2024-07-25 16:58:24 [INFO] > --CSV出力開始  20240725_test_1.csv : 2024-07-25 16:58:24.017196
< 2024-07-25 16:58:24 [INFO] > --CSV出力完了  20240725_test_1.csv: 2024-07-25 16:58:24.021640
< 2024-07-25 16:58:24 [INFO] > --CSV出力件数  20240725_test_1.csv : 100
< 2024-07-25 16:58:24 [INFO] > --出力実行時間  20240725_test_1.csv : 0:00:00.004444
< 2024-07-25 16:58:24 [INFO] > [SQL]
< 2024-07-25 16:58:24 [INFO] > --SQL実行開始  test_2 : 2024-07-25 16:58:24.024763
< 2024-07-25 16:58:24 [INFO] > --SQL実行完了  test_2 : 2024-07-25 16:58:24.199626
< 2024-07-25 16:58:24 [INFO] > --SQL実行時間  test_2 : 0:00:00.176124
< 2024-07-25 16:58:24 [INFO] > [CSV]
< 2024-07-25 16:58:24 [INFO] > --CSV出力開始  20240725_test_2.csv : 2024-07-25 16:58:24.201902
< 2024-07-25 16:58:24 [INFO] > --CSV出力完了  20240725_test_2.csv: 2024-07-25 16:58:24.205270
< 2024-07-25 16:58:24 [INFO] > --CSV出力件数  20240725_test_2.csv : 100
< 2024-07-25 16:58:24 [INFO] > --出力実行時間  20240725_test_2.csv : 0:00:00.003368
< 2024-07-25 16:58:24 [INFO] > ［所要時間］MnvBatchExecuteTheSmsQuery ： 0:00:00.405382
< 2024-07-25 16:58:24 [INFO] > 【処理終了】MnvBatchExecuteTheSmsQuery ： 2024-07-25 16:58:24
< 2024-07-25 17:01:56 [INFO] > 【処理開始】MnvBatchExecuteTheSmsQuery : 2024-07-25 17:01:56
< 2024-07-25 17:01:56 [INFO] > [旧ファイル移動]
< 2024-07-25 17:01:56 [INFO] > --ファイル移動開始  C:\Users\s12100400\develop\SMSバッチ\CSV\test\20240725_test_1.csv : 2024-07-25 17:01:56.883980
< 2024-07-25 17:01:56 [INFO] > --ファイル移動完了  C:\Users\s12100400\develop\SMSバッチ\CSV\test\20240725_test_1.csv : 2024-07-25 17:01:56.906723
< 2024-07-25 17:01:56 [INFO] > --ファイル移動開始  C:\Users\s12100400\develop\SMSバッチ\CSV\test\20240725_test_2.csv : 2024-07-25 17:01:56.907783
< 2024-07-25 17:01:56 [INFO] > --ファイル移動完了  C:\Users\s12100400\develop\SMSバッチ\CSV\test\20240725_test_2.csv : 2024-07-25 17:01:56.922984
< 2024-07-25 17:01:56 [INFO] > [SQL]
< 2024-07-25 17:01:56 [INFO] > --SQL実行開始  test_1 : 2024-07-25 17:01:56.924006
< 2024-07-25 17:01:57 [INFO] > --SQL実行完了  test_1 : 2024-07-25 17:01:57.173093
< 2024-07-25 17:01:57 [INFO] > --SQL実行時間  test_1 : 0:00:00.249087
< 2024-07-25 17:01:57 [INFO] > [CSV]
< 2024-07-25 17:01:57 [INFO] > --CSV出力開始  20240725_test_1.csv : 2024-07-25 17:01:57.173093
< 2024-07-25 17:01:57 [INFO] > --CSV出力完了  20240725_test_1.csv: 2024-07-25 17:01:57.194510
< 2024-07-25 17:01:57 [INFO] > --CSV出力件数  20240725_test_1.csv : 100
< 2024-07-25 17:01:57 [INFO] > --出力実行時間  20240725_test_1.csv : 0:00:00.021417
< 2024-07-25 17:01:57 [INFO] > [SQL]
< 2024-07-25 17:01:57 [INFO] > --SQL実行開始  test_2 : 2024-07-25 17:01:57.197029
< 2024-07-25 17:01:57 [INFO] > --SQL実行完了  test_2 : 2024-07-25 17:01:57.381558
< 2024-07-25 17:01:57 [INFO] > --SQL実行時間  test_2 : 0:00:00.184529
< 2024-07-25 17:01:57 [INFO] > [CSV]
< 2024-07-25 17:01:57 [INFO] > --CSV出力開始  20240725_test_2.csv : 2024-07-25 17:01:57.382913
< 2024-07-25 17:01:57 [INFO] > --CSV出力完了  20240725_test_2.csv: 2024-07-25 17:01:57.385078
< 2024-07-25 17:01:57 [INFO] > --CSV出力件数  20240725_test_2.csv : 100
< 2024-07-25 17:01:57 [INFO] > --出力実行時間  20240725_test_2.csv : 0:00:00.002165
< 2024-07-25 17:01:57 [INFO] > ［所要時間］MnvBatchExecuteTheSmsQuery ： 0:00:00.501098
< 2024-07-25 17:01:57 [INFO] > 【処理終了】MnvBatchExecuteTheSmsQuery ： 2024-07-25 17:01:57
< 2024-07-25 17:03:10 [INFO] > 【処理開始】MnvBatchExecuteTheSmsQuery : 2024-07-25 17:03:10
< 2024-07-25 17:03:10 [INFO] > [旧ファイル移動]
< 2024-07-25 17:03:10 [INFO] > --ファイル移動開始  C:\Users\s12100400\develop\SMSバッチ\CSV\test\20240725_test_1.csv : 2024-07-25 17:03:10.557998
< 2024-07-25 17:03:10 [INFO] > --ファイル移動完了  C:\Users\s12100400\develop\SMSバッチ\CSV\test\20240725_test_1.csv : 2024-07-25 17:03:10.573745
< 2024-07-25 17:03:10 [INFO] > --ファイル移動開始  C:\Users\s12100400\develop\SMSバッチ\CSV\test\20240725_test_2.csv : 2024-07-25 17:03:10.575902
< 2024-07-25 17:03:10 [INFO] > --ファイル移動完了  C:\Users\s12100400\develop\SMSバッチ\CSV\test\20240725_test_2.csv : 2024-07-25 17:03:10.592030
< 2024-07-25 17:03:10 [INFO] > [SQL]
< 2024-07-25 17:03:10 [INFO] > --SQL実行開始  test_1 : 2024-07-25 17:03:10.593642
< 2024-07-25 17:03:10 [INFO] > --SQL実行完了  test_1 : 2024-07-25 17:03:10.821897
< 2024-07-25 17:03:10 [INFO] > --SQL実行時間  test_1 : 0:00:00.228255
< 2024-07-25 17:03:10 [INFO] > [CSV]
< 2024-07-25 17:03:10 [INFO] > --CSV出力開始  20240725_test_1.csv : 2024-07-25 17:03:10.821897
< 2024-07-25 17:03:10 [INFO] > --CSV出力完了  20240725_test_1.csv: 2024-07-25 17:03:10.821897
< 2024-07-25 17:03:10 [INFO] > --CSV出力件数  20240725_test_1.csv : 100
< 2024-07-25 17:03:10 [INFO] > --出力実行時間  20240725_test_1.csv : 0:00:00
< 2024-07-25 17:03:10 [INFO] > [SQL]
< 2024-07-25 17:03:10 [INFO] > --SQL実行開始  test_2 : 2024-07-25 17:03:10.831696
< 2024-07-25 17:03:11 [INFO] > --SQL実行完了  test_2 : 2024-07-25 17:03:11.039266
< 2024-07-25 17:03:11 [INFO] > --SQL実行時間  test_2 : 0:00:00.207570
< 2024-07-25 17:03:11 [INFO] > [CSV]
< 2024-07-25 17:03:11 [INFO] > --CSV出力開始  20240725_test_2.csv : 2024-07-25 17:03:11.039266
< 2024-07-25 17:03:11 [INFO] > --CSV出力完了  20240725_test_2.csv: 2024-07-25 17:03:11.054399
< 2024-07-25 17:03:11 [INFO] > --CSV出力件数  20240725_test_2.csv : 100
< 2024-07-25 17:03:11 [INFO] > --出力実行時間  20240725_test_2.csv : 0:00:00.015133
< 2024-07-25 17:03:11 [INFO] > ［所要時間］MnvBatchExecuteTheSmsQuery ： 0:00:00.507990
< 2024-07-25 17:03:11 [INFO] > 【処理終了】MnvBatchExecuteTheSmsQuery ： 2024-07-25 17:03:11
< 2024-07-25 17:03:38 [INFO] > 【処理開始】MnvBatchExecuteTheSmsQuery : 2024-07-25 17:03:38
< 2024-07-25 17:03:38 [INFO] > [旧ファイル移動]
< 2024-07-25 17:03:38 [INFO] > --ファイル移動開始  20240725_test_1 : 2024-07-25 17:03:38.213042
< 2024-07-25 17:03:38 [INFO] > --ファイル移動完了  20240725_test_1 : 2024-07-25 17:03:38.234528
< 2024-07-25 17:03:38 [INFO] > --ファイル移動開始  20240725_test_2 : 2024-07-25 17:03:38.234528
< 2024-07-25 17:03:38 [INFO] > --ファイル移動完了  20240725_test_2 : 2024-07-25 17:03:38.244618
< 2024-07-25 17:03:38 [INFO] > [SQL]
< 2024-07-25 17:03:38 [INFO] > --SQL実行開始  test_1 : 2024-07-25 17:03:38.244618
< 2024-07-25 17:03:38 [INFO] > --SQL実行完了  test_1 : 2024-07-25 17:03:38.448334
< 2024-07-25 17:03:38 [INFO] > --SQL実行時間  test_1 : 0:00:00.203716
< 2024-07-25 17:03:38 [INFO] > [CSV]
< 2024-07-25 17:03:38 [INFO] > --CSV出力開始  20240725_test_1.csv : 2024-07-25 17:03:38.448334
< 2024-07-25 17:03:38 [INFO] > --CSV出力完了  20240725_test_1.csv: 2024-07-25 17:03:38.463775
< 2024-07-25 17:03:38 [INFO] > --CSV出力件数  20240725_test_1.csv : 100
< 2024-07-25 17:03:38 [INFO] > --出力実行時間  20240725_test_1.csv : 0:00:00.015441
< 2024-07-25 17:03:38 [INFO] > [SQL]
< 2024-07-25 17:03:38 [INFO] > --SQL実行開始  test_2 : 2024-07-25 17:03:38.465743
< 2024-07-25 17:03:38 [INFO] > --SQL実行完了  test_2 : 2024-07-25 17:03:38.634003
< 2024-07-25 17:03:38 [INFO] > --SQL実行時間  test_2 : 0:00:00.168260
< 2024-07-25 17:03:38 [INFO] > [CSV]
< 2024-07-25 17:03:38 [INFO] > --CSV出力開始  20240725_test_2.csv : 2024-07-25 17:03:38.634003
< 2024-07-25 17:03:38 [INFO] > --CSV出力完了  20240725_test_2.csv: 2024-07-25 17:03:38.650913
< 2024-07-25 17:03:38 [INFO] > --CSV出力件数  20240725_test_2.csv : 100
< 2024-07-25 17:03:38 [INFO] > --出力実行時間  20240725_test_2.csv : 0:00:00.016910
< 2024-07-25 17:03:38 [INFO] > ［所要時間］MnvBatchExecuteTheSmsQuery ： 0:00:00.439876
< 2024-07-25 17:03:38 [INFO] > 【処理終了】MnvBatchExecuteTheSmsQuery ： 2024-07-25 17:03:38
